
*** Running vivado
    with args -log lab02d.vds -m64 -product Vivado -mode batch -messageDb vivado.pb -notrace -source lab02d.tcl



****** Vivado v2025.1 (64-bit)
  **** SW Build 6140274 on Thu May 22 00:12:29 MDT 2025
  **** IP Build 6138677 on Thu May 22 03:10:11 MDT 2025
  **** SharedData Build 6139179 on Tue May 20 17:58:58 MDT 2025
  **** Start of session at: Wed Sep 17 20:31:32 2025
    ** Copyright 1986-2022 Xilinx, Inc. All Rights Reserved.
    ** Copyright 2022-2025 Advanced Micro Devices, Inc. All Rights Reserved.

source lab02d.tcl -notrace
create_project: Time (s): cpu = 00:00:07 ; elapsed = 00:00:06 . Memory (MB): peak = 657.449 ; gain = 206.637
Command: read_checkpoint -auto_incremental -incremental C:/Users/User/OneDrive/Desktop/FPGA_LAB/FPGA_LAB/project2/d_toggleFunction/d_toggleFunction.srcs/utils_1/imports/synth_1/bcounter.dcp
INFO: [Vivado 12-5825] Read reference checkpoint from C:/Users/User/OneDrive/Desktop/FPGA_LAB/FPGA_LAB/project2/d_toggleFunction/d_toggleFunction.srcs/utils_1/imports/synth_1/bcounter.dcp for incremental synthesis
INFO: [Vivado 12-7989] Please ensure there are no constraint changes
Command: synth_design -top lab02d -part xc7a35tcpg236-1
Starting synth_design
Attempting to get a license for feature 'Synthesis' and/or device 'xc7a35t'
INFO: [Common 17-349] Got license for feature 'Synthesis' and/or device 'xc7a35t'
INFO: [Device 21-403] Loading part xc7a35tcpg236-1
INFO: [Synth 8-7079] Multithreading enabled for synth_design using a maximum of 2 processes.
INFO: [Synth 8-7078] Launching helper process for spawning children vivado processes
INFO: [Synth 8-7075] Helper process launched with PID 27456
---------------------------------------------------------------------------------
Starting RTL Elaboration : Time (s): cpu = 00:00:04 ; elapsed = 00:00:05 . Memory (MB): peak = 1341.094 ; gain = 492.965
---------------------------------------------------------------------------------
INFO: [Synth 8-638] synthesizing module 'lab02d' [C:/Users/User/OneDrive/Desktop/FPGA_LAB/FPGA_LAB/project2/d_toggleFunction/d_toggleFunction.srcs/sources_1/imports/d_toggleFunction/lab02d.vhd:12]
	Parameter NBITS bound to: 24 - type: integer 
INFO: [Synth 8-3491] module 'bcounter' declared at 'C:/Users/User/OneDrive/Desktop/FPGA_LAB/FPGA_LAB/project2/d_toggleFunction/d_toggleFunction.srcs/sources_1/imports/project2a_genbincounter/bcounter.vhd:4' bound to instance 'counter' of component 'bcounter' [C:/Users/User/OneDrive/Desktop/FPGA_LAB/FPGA_LAB/project2/d_toggleFunction/d_toggleFunction.srcs/sources_1/imports/d_toggleFunction/lab02d.vhd:31]
INFO: [Synth 8-638] synthesizing module 'bcounter' [C:/Users/User/OneDrive/Desktop/FPGA_LAB/FPGA_LAB/project2/d_toggleFunction/d_toggleFunction.srcs/sources_1/imports/project2a_genbincounter/bcounter.vhd:17]
	Parameter NBITS bound to: 24 - type: integer 
INFO: [Synth 8-3491] module 'HADD' declared at 'C:/Users/User/OneDrive/Desktop/FPGA_LAB/FPGA_LAB/project2/d_toggleFunction/d_toggleFunction.srcs/sources_1/imports/project2a_genbincounter/HADD.vhd:4' bound to instance 'ha' of component 'HADD' [C:/Users/User/OneDrive/Desktop/FPGA_LAB/FPGA_LAB/project2/d_toggleFunction/d_toggleFunction.srcs/sources_1/imports/project2a_genbincounter/bcounter.vhd:43]
INFO: [Synth 8-638] synthesizing module 'HADD' [C:/Users/User/OneDrive/Desktop/FPGA_LAB/FPGA_LAB/project2/d_toggleFunction/d_toggleFunction.srcs/sources_1/imports/project2a_genbincounter/HADD.vhd:13]
INFO: [Synth 8-256] done synthesizing module 'HADD' (0#1) [C:/Users/User/OneDrive/Desktop/FPGA_LAB/FPGA_LAB/project2/d_toggleFunction/d_toggleFunction.srcs/sources_1/imports/project2a_genbincounter/HADD.vhd:13]
INFO: [Synth 8-3491] module 'DFFAR' declared at 'C:/Users/User/OneDrive/Desktop/FPGA_LAB/FPGA_LAB/project2/d_toggleFunction/d_toggleFunction.srcs/sources_1/imports/project2a_genbincounter/DFFAR.vhd:4' bound to instance 'ff' of component 'DFFAR' [C:/Users/User/OneDrive/Desktop/FPGA_LAB/FPGA_LAB/project2/d_toggleFunction/d_toggleFunction.srcs/sources_1/imports/project2a_genbincounter/bcounter.vhd:49]
INFO: [Synth 8-638] synthesizing module 'DFFAR' [C:/Users/User/OneDrive/Desktop/FPGA_LAB/FPGA_LAB/project2/d_toggleFunction/d_toggleFunction.srcs/sources_1/imports/project2a_genbincounter/DFFAR.vhd:13]
INFO: [Synth 8-256] done synthesizing module 'DFFAR' (0#1) [C:/Users/User/OneDrive/Desktop/FPGA_LAB/FPGA_LAB/project2/d_toggleFunction/d_toggleFunction.srcs/sources_1/imports/project2a_genbincounter/DFFAR.vhd:13]
INFO: [Synth 8-3491] module 'HADD' declared at 'C:/Users/User/OneDrive/Desktop/FPGA_LAB/FPGA_LAB/project2/d_toggleFunction/d_toggleFunction.srcs/sources_1/imports/project2a_genbincounter/HADD.vhd:4' bound to instance 'ha' of component 'HADD' [C:/Users/User/OneDrive/Desktop/FPGA_LAB/FPGA_LAB/project2/d_toggleFunction/d_toggleFunction.srcs/sources_1/imports/project2a_genbincounter/bcounter.vhd:43]
INFO: [Synth 8-3491] module 'DFFAR' declared at 'C:/Users/User/OneDrive/Desktop/FPGA_LAB/FPGA_LAB/project2/d_toggleFunction/d_toggleFunction.srcs/sources_1/imports/project2a_genbincounter/DFFAR.vhd:4' bound to instance 'ff' of component 'DFFAR' [C:/Users/User/OneDrive/Desktop/FPGA_LAB/FPGA_LAB/project2/d_toggleFunction/d_toggleFunction.srcs/sources_1/imports/project2a_genbincounter/bcounter.vhd:49]
INFO: [Synth 8-3491] module 'HADD' declared at 'C:/Users/User/OneDrive/Desktop/FPGA_LAB/FPGA_LAB/project2/d_toggleFunction/d_toggleFunction.srcs/sources_1/imports/project2a_genbincounter/HADD.vhd:4' bound to instance 'ha' of component 'HADD' [C:/Users/User/OneDrive/Desktop/FPGA_LAB/FPGA_LAB/project2/d_toggleFunction/d_toggleFunction.srcs/sources_1/imports/project2a_genbincounter/bcounter.vhd:43]
INFO: [Synth 8-3491] module 'DFFAR' declared at 'C:/Users/User/OneDrive/Desktop/FPGA_LAB/FPGA_LAB/project2/d_toggleFunction/d_toggleFunction.srcs/sources_1/imports/project2a_genbincounter/DFFAR.vhd:4' bound to instance 'ff' of component 'DFFAR' [C:/Users/User/OneDrive/Desktop/FPGA_LAB/FPGA_LAB/project2/d_toggleFunction/d_toggleFunction.srcs/sources_1/imports/project2a_genbincounter/bcounter.vhd:49]
INFO: [Synth 8-3491] module 'HADD' declared at 'C:/Users/User/OneDrive/Desktop/FPGA_LAB/FPGA_LAB/project2/d_toggleFunction/d_toggleFunction.srcs/sources_1/imports/project2a_genbincounter/HADD.vhd:4' bound to instance 'ha' of component 'HADD' [C:/Users/User/OneDrive/Desktop/FPGA_LAB/FPGA_LAB/project2/d_toggleFunction/d_toggleFunction.srcs/sources_1/imports/project2a_genbincounter/bcounter.vhd:43]
INFO: [Synth 8-3491] module 'DFFAR' declared at 'C:/Users/User/OneDrive/Desktop/FPGA_LAB/FPGA_LAB/project2/d_toggleFunction/d_toggleFunction.srcs/sources_1/imports/project2a_genbincounter/DFFAR.vhd:4' bound to instance 'ff' of component 'DFFAR' [C:/Users/User/OneDrive/Desktop/FPGA_LAB/FPGA_LAB/project2/d_toggleFunction/d_toggleFunction.srcs/sources_1/imports/project2a_genbincounter/bcounter.vhd:49]
INFO: [Synth 8-3491] module 'HADD' declared at 'C:/Users/User/OneDrive/Desktop/FPGA_LAB/FPGA_LAB/project2/d_toggleFunction/d_toggleFunction.srcs/sources_1/imports/project2a_genbincounter/HADD.vhd:4' bound to instance 'ha' of component 'HADD' [C:/Users/User/OneDrive/Desktop/FPGA_LAB/FPGA_LAB/project2/d_toggleFunction/d_toggleFunction.srcs/sources_1/imports/project2a_genbincounter/bcounter.vhd:43]
INFO: [Synth 8-3491] module 'DFFAR' declared at 'C:/Users/User/OneDrive/Desktop/FPGA_LAB/FPGA_LAB/project2/d_toggleFunction/d_toggleFunction.srcs/sources_1/imports/project2a_genbincounter/DFFAR.vhd:4' bound to instance 'ff' of component 'DFFAR' [C:/Users/User/OneDrive/Desktop/FPGA_LAB/FPGA_LAB/project2/d_toggleFunction/d_toggleFunction.srcs/sources_1/imports/project2a_genbincounter/bcounter.vhd:49]
INFO: [Synth 8-3491] module 'HADD' declared at 'C:/Users/User/OneDrive/Desktop/FPGA_LAB/FPGA_LAB/project2/d_toggleFunction/d_toggleFunction.srcs/sources_1/imports/project2a_genbincounter/HADD.vhd:4' bound to instance 'ha' of component 'HADD' [C:/Users/User/OneDrive/Desktop/FPGA_LAB/FPGA_LAB/project2/d_toggleFunction/d_toggleFunction.srcs/sources_1/imports/project2a_genbincounter/bcounter.vhd:43]
INFO: [Synth 8-3491] module 'DFFAR' declared at 'C:/Users/User/OneDrive/Desktop/FPGA_LAB/FPGA_LAB/project2/d_toggleFunction/d_toggleFunction.srcs/sources_1/imports/project2a_genbincounter/DFFAR.vhd:4' bound to instance 'ff' of component 'DFFAR' [C:/Users/User/OneDrive/Desktop/FPGA_LAB/FPGA_LAB/project2/d_toggleFunction/d_toggleFunction.srcs/sources_1/imports/project2a_genbincounter/bcounter.vhd:49]
INFO: [Synth 8-3491] module 'HADD' declared at 'C:/Users/User/OneDrive/Desktop/FPGA_LAB/FPGA_LAB/project2/d_toggleFunction/d_toggleFunction.srcs/sources_1/imports/project2a_genbincounter/HADD.vhd:4' bound to instance 'ha' of component 'HADD' [C:/Users/User/OneDrive/Desktop/FPGA_LAB/FPGA_LAB/project2/d_toggleFunction/d_toggleFunction.srcs/sources_1/imports/project2a_genbincounter/bcounter.vhd:43]
INFO: [Synth 8-3491] module 'DFFAR' declared at 'C:/Users/User/OneDrive/Desktop/FPGA_LAB/FPGA_LAB/project2/d_toggleFunction/d_toggleFunction.srcs/sources_1/imports/project2a_genbincounter/DFFAR.vhd:4' bound to instance 'ff' of component 'DFFAR' [C:/Users/User/OneDrive/Desktop/FPGA_LAB/FPGA_LAB/project2/d_toggleFunction/d_toggleFunction.srcs/sources_1/imports/project2a_genbincounter/bcounter.vhd:49]
INFO: [Synth 8-3491] module 'HADD' declared at 'C:/Users/User/OneDrive/Desktop/FPGA_LAB/FPGA_LAB/project2/d_toggleFunction/d_toggleFunction.srcs/sources_1/imports/project2a_genbincounter/HADD.vhd:4' bound to instance 'ha' of component 'HADD' [C:/Users/User/OneDrive/Desktop/FPGA_LAB/FPGA_LAB/project2/d_toggleFunction/d_toggleFunction.srcs/sources_1/imports/project2a_genbincounter/bcounter.vhd:43]
INFO: [Synth 8-3491] module 'DFFAR' declared at 'C:/Users/User/OneDrive/Desktop/FPGA_LAB/FPGA_LAB/project2/d_toggleFunction/d_toggleFunction.srcs/sources_1/imports/project2a_genbincounter/DFFAR.vhd:4' bound to instance 'ff' of component 'DFFAR' [C:/Users/User/OneDrive/Desktop/FPGA_LAB/FPGA_LAB/project2/d_toggleFunction/d_toggleFunction.srcs/sources_1/imports/project2a_genbincounter/bcounter.vhd:49]
INFO: [Synth 8-3491] module 'HADD' declared at 'C:/Users/User/OneDrive/Desktop/FPGA_LAB/FPGA_LAB/project2/d_toggleFunction/d_toggleFunction.srcs/sources_1/imports/project2a_genbincounter/HADD.vhd:4' bound to instance 'ha' of component 'HADD' [C:/Users/User/OneDrive/Desktop/FPGA_LAB/FPGA_LAB/project2/d_toggleFunction/d_toggleFunction.srcs/sources_1/imports/project2a_genbincounter/bcounter.vhd:43]
INFO: [Synth 8-3491] module 'DFFAR' declared at 'C:/Users/User/OneDrive/Desktop/FPGA_LAB/FPGA_LAB/project2/d_toggleFunction/d_toggleFunction.srcs/sources_1/imports/project2a_genbincounter/DFFAR.vhd:4' bound to instance 'ff' of component 'DFFAR' [C:/Users/User/OneDrive/Desktop/FPGA_LAB/FPGA_LAB/project2/d_toggleFunction/d_toggleFunction.srcs/sources_1/imports/project2a_genbincounter/bcounter.vhd:49]
INFO: [Synth 8-3491] module 'HADD' declared at 'C:/Users/User/OneDrive/Desktop/FPGA_LAB/FPGA_LAB/project2/d_toggleFunction/d_toggleFunction.srcs/sources_1/imports/project2a_genbincounter/HADD.vhd:4' bound to instance 'ha' of component 'HADD' [C:/Users/User/OneDrive/Desktop/FPGA_LAB/FPGA_LAB/project2/d_toggleFunction/d_toggleFunction.srcs/sources_1/imports/project2a_genbincounter/bcounter.vhd:43]
INFO: [Synth 8-3491] module 'DFFAR' declared at 'C:/Users/User/OneDrive/Desktop/FPGA_LAB/FPGA_LAB/project2/d_toggleFunction/d_toggleFunction.srcs/sources_1/imports/project2a_genbincounter/DFFAR.vhd:4' bound to instance 'ff' of component 'DFFAR' [C:/Users/User/OneDrive/Desktop/FPGA_LAB/FPGA_LAB/project2/d_toggleFunction/d_toggleFunction.srcs/sources_1/imports/project2a_genbincounter/bcounter.vhd:49]
INFO: [Synth 8-3491] module 'HADD' declared at 'C:/Users/User/OneDrive/Desktop/FPGA_LAB/FPGA_LAB/project2/d_toggleFunction/d_toggleFunction.srcs/sources_1/imports/project2a_genbincounter/HADD.vhd:4' bound to instance 'ha' of component 'HADD' [C:/Users/User/OneDrive/Desktop/FPGA_LAB/FPGA_LAB/project2/d_toggleFunction/d_toggleFunction.srcs/sources_1/imports/project2a_genbincounter/bcounter.vhd:43]
INFO: [Synth 8-3491] module 'DFFAR' declared at 'C:/Users/User/OneDrive/Desktop/FPGA_LAB/FPGA_LAB/project2/d_toggleFunction/d_toggleFunction.srcs/sources_1/imports/project2a_genbincounter/DFFAR.vhd:4' bound to instance 'ff' of component 'DFFAR' [C:/Users/User/OneDrive/Desktop/FPGA_LAB/FPGA_LAB/project2/d_toggleFunction/d_toggleFunction.srcs/sources_1/imports/project2a_genbincounter/bcounter.vhd:49]
INFO: [Synth 8-3491] module 'HADD' declared at 'C:/Users/User/OneDrive/Desktop/FPGA_LAB/FPGA_LAB/project2/d_toggleFunction/d_toggleFunction.srcs/sources_1/imports/project2a_genbincounter/HADD.vhd:4' bound to instance 'ha' of component 'HADD' [C:/Users/User/OneDrive/Desktop/FPGA_LAB/FPGA_LAB/project2/d_toggleFunction/d_toggleFunction.srcs/sources_1/imports/project2a_genbincounter/bcounter.vhd:43]
INFO: [Synth 8-3491] module 'DFFAR' declared at 'C:/Users/User/OneDrive/Desktop/FPGA_LAB/FPGA_LAB/project2/d_toggleFunction/d_toggleFunction.srcs/sources_1/imports/project2a_genbincounter/DFFAR.vhd:4' bound to instance 'ff' of component 'DFFAR' [C:/Users/User/OneDrive/Desktop/FPGA_LAB/FPGA_LAB/project2/d_toggleFunction/d_toggleFunction.srcs/sources_1/imports/project2a_genbincounter/bcounter.vhd:49]
INFO: [Synth 8-3491] module 'HADD' declared at 'C:/Users/User/OneDrive/Desktop/FPGA_LAB/FPGA_LAB/project2/d_toggleFunction/d_toggleFunction.srcs/sources_1/imports/project2a_genbincounter/HADD.vhd:4' bound to instance 'ha' of component 'HADD' [C:/Users/User/OneDrive/Desktop/FPGA_LAB/FPGA_LAB/project2/d_toggleFunction/d_toggleFunction.srcs/sources_1/imports/project2a_genbincounter/bcounter.vhd:43]
INFO: [Synth 8-3491] module 'DFFAR' declared at 'C:/Users/User/OneDrive/Desktop/FPGA_LAB/FPGA_LAB/project2/d_toggleFunction/d_toggleFunction.srcs/sources_1/imports/project2a_genbincounter/DFFAR.vhd:4' bound to instance 'ff' of component 'DFFAR' [C:/Users/User/OneDrive/Desktop/FPGA_LAB/FPGA_LAB/project2/d_toggleFunction/d_toggleFunction.srcs/sources_1/imports/project2a_genbincounter/bcounter.vhd:49]
INFO: [Synth 8-3491] module 'HADD' declared at 'C:/Users/User/OneDrive/Desktop/FPGA_LAB/FPGA_LAB/project2/d_toggleFunction/d_toggleFunction.srcs/sources_1/imports/project2a_genbincounter/HADD.vhd:4' bound to instance 'ha' of component 'HADD' [C:/Users/User/OneDrive/Desktop/FPGA_LAB/FPGA_LAB/project2/d_toggleFunction/d_toggleFunction.srcs/sources_1/imports/project2a_genbincounter/bcounter.vhd:43]
INFO: [Synth 8-3491] module 'DFFAR' declared at 'C:/Users/User/OneDrive/Desktop/FPGA_LAB/FPGA_LAB/project2/d_toggleFunction/d_toggleFunction.srcs/sources_1/imports/project2a_genbincounter/DFFAR.vhd:4' bound to instance 'ff' of component 'DFFAR' [C:/Users/User/OneDrive/Desktop/FPGA_LAB/FPGA_LAB/project2/d_toggleFunction/d_toggleFunction.srcs/sources_1/imports/project2a_genbincounter/bcounter.vhd:49]
INFO: [Synth 8-3491] module 'HADD' declared at 'C:/Users/User/OneDrive/Desktop/FPGA_LAB/FPGA_LAB/project2/d_toggleFunction/d_toggleFunction.srcs/sources_1/imports/project2a_genbincounter/HADD.vhd:4' bound to instance 'ha' of component 'HADD' [C:/Users/User/OneDrive/Desktop/FPGA_LAB/FPGA_LAB/project2/d_toggleFunction/d_toggleFunction.srcs/sources_1/imports/project2a_genbincounter/bcounter.vhd:43]
INFO: [Synth 8-3491] module 'DFFAR' declared at 'C:/Users/User/OneDrive/Desktop/FPGA_LAB/FPGA_LAB/project2/d_toggleFunction/d_toggleFunction.srcs/sources_1/imports/project2a_genbincounter/DFFAR.vhd:4' bound to instance 'ff' of component 'DFFAR' [C:/Users/User/OneDrive/Desktop/FPGA_LAB/FPGA_LAB/project2/d_toggleFunction/d_toggleFunction.srcs/sources_1/imports/project2a_genbincounter/bcounter.vhd:49]
INFO: [Synth 8-3491] module 'HADD' declared at 'C:/Users/User/OneDrive/Desktop/FPGA_LAB/FPGA_LAB/project2/d_toggleFunction/d_toggleFunction.srcs/sources_1/imports/project2a_genbincounter/HADD.vhd:4' bound to instance 'ha' of component 'HADD' [C:/Users/User/OneDrive/Desktop/FPGA_LAB/FPGA_LAB/project2/d_toggleFunction/d_toggleFunction.srcs/sources_1/imports/project2a_genbincounter/bcounter.vhd:43]
INFO: [Synth 8-3491] module 'DFFAR' declared at 'C:/Users/User/OneDrive/Desktop/FPGA_LAB/FPGA_LAB/project2/d_toggleFunction/d_toggleFunction.srcs/sources_1/imports/project2a_genbincounter/DFFAR.vhd:4' bound to instance 'ff' of component 'DFFAR' [C:/Users/User/OneDrive/Desktop/FPGA_LAB/FPGA_LAB/project2/d_toggleFunction/d_toggleFunction.srcs/sources_1/imports/project2a_genbincounter/bcounter.vhd:49]
INFO: [Synth 8-3491] module 'HADD' declared at 'C:/Users/User/OneDrive/Desktop/FPGA_LAB/FPGA_LAB/project2/d_toggleFunction/d_toggleFunction.srcs/sources_1/imports/project2a_genbincounter/HADD.vhd:4' bound to instance 'ha' of component 'HADD' [C:/Users/User/OneDrive/Desktop/FPGA_LAB/FPGA_LAB/project2/d_toggleFunction/d_toggleFunction.srcs/sources_1/imports/project2a_genbincounter/bcounter.vhd:43]
INFO: [Synth 8-3491] module 'DFFAR' declared at 'C:/Users/User/OneDrive/Desktop/FPGA_LAB/FPGA_LAB/project2/d_toggleFunction/d_toggleFunction.srcs/sources_1/imports/project2a_genbincounter/DFFAR.vhd:4' bound to instance 'ff' of component 'DFFAR' [C:/Users/User/OneDrive/Desktop/FPGA_LAB/FPGA_LAB/project2/d_toggleFunction/d_toggleFunction.srcs/sources_1/imports/project2a_genbincounter/bcounter.vhd:49]
INFO: [Synth 8-3491] module 'HADD' declared at 'C:/Users/User/OneDrive/Desktop/FPGA_LAB/FPGA_LAB/project2/d_toggleFunction/d_toggleFunction.srcs/sources_1/imports/project2a_genbincounter/HADD.vhd:4' bound to instance 'ha' of component 'HADD' [C:/Users/User/OneDrive/Desktop/FPGA_LAB/FPGA_LAB/project2/d_toggleFunction/d_toggleFunction.srcs/sources_1/imports/project2a_genbincounter/bcounter.vhd:43]
INFO: [Synth 8-3491] module 'DFFAR' declared at 'C:/Users/User/OneDrive/Desktop/FPGA_LAB/FPGA_LAB/project2/d_toggleFunction/d_toggleFunction.srcs/sources_1/imports/project2a_genbincounter/DFFAR.vhd:4' bound to instance 'ff' of component 'DFFAR' [C:/Users/User/OneDrive/Desktop/FPGA_LAB/FPGA_LAB/project2/d_toggleFunction/d_toggleFunction.srcs/sources_1/imports/project2a_genbincounter/bcounter.vhd:49]
INFO: [Synth 8-3491] module 'HADD' declared at 'C:/Users/User/OneDrive/Desktop/FPGA_LAB/FPGA_LAB/project2/d_toggleFunction/d_toggleFunction.srcs/sources_1/imports/project2a_genbincounter/HADD.vhd:4' bound to instance 'ha' of component 'HADD' [C:/Users/User/OneDrive/Desktop/FPGA_LAB/FPGA_LAB/project2/d_toggleFunction/d_toggleFunction.srcs/sources_1/imports/project2a_genbincounter/bcounter.vhd:43]
INFO: [Synth 8-3491] module 'DFFAR' declared at 'C:/Users/User/OneDrive/Desktop/FPGA_LAB/FPGA_LAB/project2/d_toggleFunction/d_toggleFunction.srcs/sources_1/imports/project2a_genbincounter/DFFAR.vhd:4' bound to instance 'ff' of component 'DFFAR' [C:/Users/User/OneDrive/Desktop/FPGA_LAB/FPGA_LAB/project2/d_toggleFunction/d_toggleFunction.srcs/sources_1/imports/project2a_genbincounter/bcounter.vhd:49]
INFO: [Synth 8-3491] module 'HADD' declared at 'C:/Users/User/OneDrive/Desktop/FPGA_LAB/FPGA_LAB/project2/d_toggleFunction/d_toggleFunction.srcs/sources_1/imports/project2a_genbincounter/HADD.vhd:4' bound to instance 'ha' of component 'HADD' [C:/Users/User/OneDrive/Desktop/FPGA_LAB/FPGA_LAB/project2/d_toggleFunction/d_toggleFunction.srcs/sources_1/imports/project2a_genbincounter/bcounter.vhd:43]
INFO: [Synth 8-3491] module 'DFFAR' declared at 'C:/Users/User/OneDrive/Desktop/FPGA_LAB/FPGA_LAB/project2/d_toggleFunction/d_toggleFunction.srcs/sources_1/imports/project2a_genbincounter/DFFAR.vhd:4' bound to instance 'ff' of component 'DFFAR' [C:/Users/User/OneDrive/Desktop/FPGA_LAB/FPGA_LAB/project2/d_toggleFunction/d_toggleFunction.srcs/sources_1/imports/project2a_genbincounter/bcounter.vhd:49]
INFO: [Synth 8-3491] module 'HADD' declared at 'C:/Users/User/OneDrive/Desktop/FPGA_LAB/FPGA_LAB/project2/d_toggleFunction/d_toggleFunction.srcs/sources_1/imports/project2a_genbincounter/HADD.vhd:4' bound to instance 'ha' of component 'HADD' [C:/Users/User/OneDrive/Desktop/FPGA_LAB/FPGA_LAB/project2/d_toggleFunction/d_toggleFunction.srcs/sources_1/imports/project2a_genbincounter/bcounter.vhd:43]
INFO: [Synth 8-3491] module 'DFFAR' declared at 'C:/Users/User/OneDrive/Desktop/FPGA_LAB/FPGA_LAB/project2/d_toggleFunction/d_toggleFunction.srcs/sources_1/imports/project2a_genbincounter/DFFAR.vhd:4' bound to instance 'ff' of component 'DFFAR' [C:/Users/User/OneDrive/Desktop/FPGA_LAB/FPGA_LAB/project2/d_toggleFunction/d_toggleFunction.srcs/sources_1/imports/project2a_genbincounter/bcounter.vhd:49]
INFO: [Synth 8-3491] module 'HADD' declared at 'C:/Users/User/OneDrive/Desktop/FPGA_LAB/FPGA_LAB/project2/d_toggleFunction/d_toggleFunction.srcs/sources_1/imports/project2a_genbincounter/HADD.vhd:4' bound to instance 'ha' of component 'HADD' [C:/Users/User/OneDrive/Desktop/FPGA_LAB/FPGA_LAB/project2/d_toggleFunction/d_toggleFunction.srcs/sources_1/imports/project2a_genbincounter/bcounter.vhd:43]
INFO: [Synth 8-3491] module 'DFFAR' declared at 'C:/Users/User/OneDrive/Desktop/FPGA_LAB/FPGA_LAB/project2/d_toggleFunction/d_toggleFunction.srcs/sources_1/imports/project2a_genbincounter/DFFAR.vhd:4' bound to instance 'ff' of component 'DFFAR' [C:/Users/User/OneDrive/Desktop/FPGA_LAB/FPGA_LAB/project2/d_toggleFunction/d_toggleFunction.srcs/sources_1/imports/project2a_genbincounter/bcounter.vhd:49]
INFO: [Synth 8-3491] module 'HADD' declared at 'C:/Users/User/OneDrive/Desktop/FPGA_LAB/FPGA_LAB/project2/d_toggleFunction/d_toggleFunction.srcs/sources_1/imports/project2a_genbincounter/HADD.vhd:4' bound to instance 'ha' of component 'HADD' [C:/Users/User/OneDrive/Desktop/FPGA_LAB/FPGA_LAB/project2/d_toggleFunction/d_toggleFunction.srcs/sources_1/imports/project2a_genbincounter/bcounter.vhd:43]
INFO: [Synth 8-3491] module 'DFFAR' declared at 'C:/Users/User/OneDrive/Desktop/FPGA_LAB/FPGA_LAB/project2/d_toggleFunction/d_toggleFunction.srcs/sources_1/imports/project2a_genbincounter/DFFAR.vhd:4' bound to instance 'ff' of component 'DFFAR' [C:/Users/User/OneDrive/Desktop/FPGA_LAB/FPGA_LAB/project2/d_toggleFunction/d_toggleFunction.srcs/sources_1/imports/project2a_genbincounter/bcounter.vhd:49]
INFO: [Synth 8-3491] module 'HADD' declared at 'C:/Users/User/OneDrive/Desktop/FPGA_LAB/FPGA_LAB/project2/d_toggleFunction/d_toggleFunction.srcs/sources_1/imports/project2a_genbincounter/HADD.vhd:4' bound to instance 'ha' of component 'HADD' [C:/Users/User/OneDrive/Desktop/FPGA_LAB/FPGA_LAB/project2/d_toggleFunction/d_toggleFunction.srcs/sources_1/imports/project2a_genbincounter/bcounter.vhd:43]
INFO: [Synth 8-3491] module 'DFFAR' declared at 'C:/Users/User/OneDrive/Desktop/FPGA_LAB/FPGA_LAB/project2/d_toggleFunction/d_toggleFunction.srcs/sources_1/imports/project2a_genbincounter/DFFAR.vhd:4' bound to instance 'ff' of component 'DFFAR' [C:/Users/User/OneDrive/Desktop/FPGA_LAB/FPGA_LAB/project2/d_toggleFunction/d_toggleFunction.srcs/sources_1/imports/project2a_genbincounter/bcounter.vhd:49]
INFO: [Synth 8-256] done synthesizing module 'bcounter' (0#1) [C:/Users/User/OneDrive/Desktop/FPGA_LAB/FPGA_LAB/project2/d_toggleFunction/d_toggleFunction.srcs/sources_1/imports/project2a_genbincounter/bcounter.vhd:17]
INFO: [Synth 8-256] done synthesizing module 'lab02d' (0#1) [C:/Users/User/OneDrive/Desktop/FPGA_LAB/FPGA_LAB/project2/d_toggleFunction/d_toggleFunction.srcs/sources_1/imports/d_toggleFunction/lab02d.vhd:12]
---------------------------------------------------------------------------------
Finished RTL Elaboration : Time (s): cpu = 00:00:06 ; elapsed = 00:00:07 . Memory (MB): peak = 1448.727 ; gain = 600.598
---------------------------------------------------------------------------------
---------------------------------------------------------------------------------
Start Handling Custom Attributes
---------------------------------------------------------------------------------
---------------------------------------------------------------------------------
Finished Handling Custom Attributes : Time (s): cpu = 00:00:06 ; elapsed = 00:00:07 . Memory (MB): peak = 1448.727 ; gain = 600.598
---------------------------------------------------------------------------------
---------------------------------------------------------------------------------
Finished RTL Optimization Phase 1 : Time (s): cpu = 00:00:06 ; elapsed = 00:00:07 . Memory (MB): peak = 1448.727 ; gain = 600.598
---------------------------------------------------------------------------------
Netlist sorting complete. Time (s): cpu = 00:00:00 ; elapsed = 00:00:00.001 . Memory (MB): peak = 1448.727 ; gain = 0.000
INFO: [Project 1-570] Preparing netlist for logic optimization

Processing XDC Constraints
Initializing timing engine
Parsing XDC File [C:/Users/User/OneDrive/Desktop/FPGA_LAB/FPGA_LAB/project2/d_toggleFunction/d_toggleFunction.srcs/constrs_1/imports/c_buttonControls/lab02d.xdc]
Finished Parsing XDC File [C:/Users/User/OneDrive/Desktop/FPGA_LAB/FPGA_LAB/project2/d_toggleFunction/d_toggleFunction.srcs/constrs_1/imports/c_buttonControls/lab02d.xdc]
INFO: [Project 1-236] Implementation specific constraints were found while reading constraint file [C:/Users/User/OneDrive/Desktop/FPGA_LAB/FPGA_LAB/project2/d_toggleFunction/d_toggleFunction.srcs/constrs_1/imports/c_buttonControls/lab02d.xdc]. These constraints will be ignored for synthesis but will be used in implementation. Impacted constraints are listed in the file [.Xil/lab02d_propImpl.xdc].
Resolution: To avoid this warning, move constraints listed in [.Xil/lab02d_propImpl.xdc] to another XDC file and exclude this new file from synthesis with the used_in_synthesis property (File Properties dialog in GUI) and re-run elaboration/synthesis.
Completed Processing XDC Constraints

Netlist sorting complete. Time (s): cpu = 00:00:00 ; elapsed = 00:00:00 . Memory (MB): peak = 1531.996 ; gain = 0.000
INFO: [Project 1-111] Unisim Transformation Summary:
No Unisim elements were transformed.

Constraint Validation Runtime : Time (s): cpu = 00:00:00 ; elapsed = 00:00:00.026 . Memory (MB): peak = 1531.996 ; gain = 0.000
---------------------------------------------------------------------------------
Finished Constraint Validation : Time (s): cpu = 00:00:13 ; elapsed = 00:00:14 . Memory (MB): peak = 1531.996 ; gain = 683.867
---------------------------------------------------------------------------------
---------------------------------------------------------------------------------
Start Loading Part and Timing Information
---------------------------------------------------------------------------------
Loading part: xc7a35tcpg236-1
---------------------------------------------------------------------------------
Finished Loading Part and Timing Information : Time (s): cpu = 00:00:13 ; elapsed = 00:00:14 . Memory (MB): peak = 1531.996 ; gain = 683.867
---------------------------------------------------------------------------------
---------------------------------------------------------------------------------
Start Applying 'set_property' XDC Constraints
---------------------------------------------------------------------------------
---------------------------------------------------------------------------------
Finished applying 'set_property' XDC Constraints : Time (s): cpu = 00:00:13 ; elapsed = 00:00:14 . Memory (MB): peak = 1531.996 ; gain = 683.867
---------------------------------------------------------------------------------
---------------------------------------------------------------------------------
Start Preparing Guide Design
---------------------------------------------------------------------------------
CRITICAL WARNING: [Synth 8-6895] The reference checkpoint C:/Users/User/OneDrive/Desktop/FPGA_LAB/FPGA_LAB/project2/d_toggleFunction/d_toggleFunction.srcs/utils_1/imports/synth_1/bcounter.dcp is not suitable for use with incremental synthesis for this design. Please regenerate the checkpoint for this design with -incremental_synth switch in the same Vivado session that synth_design has been run. Synthesis will continue with the default flow
---------------------------------------------------------------------------------
Finished Doing Graph Differ : Time (s): cpu = 00:00:13 ; elapsed = 00:00:15 . Memory (MB): peak = 1531.996 ; gain = 683.867
---------------------------------------------------------------------------------
---------------------------------------------------------------------------------
Finished Preparing Guide Design : Time (s): cpu = 00:00:13 ; elapsed = 00:00:15 . Memory (MB): peak = 1531.996 ; gain = 683.867
---------------------------------------------------------------------------------
---------------------------------------------------------------------------------
Finished RTL Optimization Phase 2 : Time (s): cpu = 00:00:13 ; elapsed = 00:00:15 . Memory (MB): peak = 1531.996 ; gain = 683.867
---------------------------------------------------------------------------------


Incremental Synthesis Report Summary:

1. Incremental synthesis run: no

   Reason for not running incremental synthesis : 


INFO: [Synth 8-7130] Flow is switching to default flow due to incremental criteria not met. If you would like to alter this behaviour and have the flow terminate instead, please set the following parameter config_implementation {autoIncr.Synth.RejectBehavior Terminate}
---------------------------------------------------------------------------------
Start RTL Component Statistics 
---------------------------------------------------------------------------------
Detailed RTL Component Info : 
+---XORs : 
	   2 Input      1 Bit         XORs := 24    
+---Registers : 
	                1 Bit    Registers := 28    
---------------------------------------------------------------------------------
Finished RTL Component Statistics 
---------------------------------------------------------------------------------
---------------------------------------------------------------------------------
Start Part Resource Summary
---------------------------------------------------------------------------------
Part Resources:
DSPs: 90 (col length:60)
BRAMs: 100 (col length: RAMB18 60 RAMB36 30)
---------------------------------------------------------------------------------
Finished Part Resource Summary
---------------------------------------------------------------------------------
---------------------------------------------------------------------------------
Start Cross Boundary and Area Optimization
---------------------------------------------------------------------------------
WARNING: [Synth 8-7080] Parallel synthesis criteria is not met
---------------------------------------------------------------------------------
Finished Cross Boundary and Area Optimization : Time (s): cpu = 00:00:15 ; elapsed = 00:00:17 . Memory (MB): peak = 1531.996 ; gain = 683.867
---------------------------------------------------------------------------------
---------------------------------------------------------------------------------
Start Applying XDC Timing Constraints
---------------------------------------------------------------------------------
---------------------------------------------------------------------------------
Finished Applying XDC Timing Constraints : Time (s): cpu = 00:00:20 ; elapsed = 00:00:22 . Memory (MB): peak = 1660.957 ; gain = 812.828
---------------------------------------------------------------------------------
---------------------------------------------------------------------------------
Start Timing Optimization
---------------------------------------------------------------------------------
---------------------------------------------------------------------------------
Finished Timing Optimization : Time (s): cpu = 00:00:20 ; elapsed = 00:00:22 . Memory (MB): peak = 1690.125 ; gain = 841.996
---------------------------------------------------------------------------------
---------------------------------------------------------------------------------
Start Technology Mapping
---------------------------------------------------------------------------------
---------------------------------------------------------------------------------
Finished Technology Mapping : Time (s): cpu = 00:00:20 ; elapsed = 00:00:22 . Memory (MB): peak = 1690.125 ; gain = 841.996
---------------------------------------------------------------------------------
---------------------------------------------------------------------------------
Start IO Insertion
---------------------------------------------------------------------------------
---------------------------------------------------------------------------------
Start Flattening Before IO Insertion
---------------------------------------------------------------------------------
---------------------------------------------------------------------------------
Finished Flattening Before IO Insertion
---------------------------------------------------------------------------------
---------------------------------------------------------------------------------
Start Final Netlist Cleanup
---------------------------------------------------------------------------------
---------------------------------------------------------------------------------
Finished Final Netlist Cleanup
---------------------------------------------------------------------------------
---------------------------------------------------------------------------------
Finished IO Insertion : Time (s): cpu = 00:00:24 ; elapsed = 00:00:26 . Memory (MB): peak = 1906.109 ; gain = 1057.980
---------------------------------------------------------------------------------
---------------------------------------------------------------------------------
Start Renaming Generated Instances
---------------------------------------------------------------------------------
---------------------------------------------------------------------------------
Finished Renaming Generated Instances : Time (s): cpu = 00:00:24 ; elapsed = 00:00:26 . Memory (MB): peak = 1906.109 ; gain = 1057.980
---------------------------------------------------------------------------------
---------------------------------------------------------------------------------
Start Rebuilding User Hierarchy
---------------------------------------------------------------------------------
---------------------------------------------------------------------------------
Finished Rebuilding User Hierarchy : Time (s): cpu = 00:00:24 ; elapsed = 00:00:26 . Memory (MB): peak = 1906.109 ; gain = 1057.980
---------------------------------------------------------------------------------
---------------------------------------------------------------------------------
Start Renaming Generated Ports
---------------------------------------------------------------------------------
---------------------------------------------------------------------------------
Finished Renaming Generated Ports : Time (s): cpu = 00:00:24 ; elapsed = 00:00:26 . Memory (MB): peak = 1906.109 ; gain = 1057.980
---------------------------------------------------------------------------------
---------------------------------------------------------------------------------
Start Handling Custom Attributes
---------------------------------------------------------------------------------
---------------------------------------------------------------------------------
Finished Handling Custom Attributes : Time (s): cpu = 00:00:24 ; elapsed = 00:00:26 . Memory (MB): peak = 1906.109 ; gain = 1057.980
---------------------------------------------------------------------------------
---------------------------------------------------------------------------------
Start Renaming Generated Nets
---------------------------------------------------------------------------------
---------------------------------------------------------------------------------
Finished Renaming Generated Nets : Time (s): cpu = 00:00:24 ; elapsed = 00:00:26 . Memory (MB): peak = 1906.109 ; gain = 1057.980
---------------------------------------------------------------------------------
---------------------------------------------------------------------------------
Start Writing Synthesis Report
---------------------------------------------------------------------------------

Report BlackBoxes: 
+-+--------------+----------+
| |BlackBox name |Instances |
+-+--------------+----------+
+-+--------------+----------+

Report Cell Usage: 
+------+-----+------+
|      |Cell |Count |
+------+-----+------+
|1     |BUFG |     1|
|2     |LUT2 |     6|
|3     |LUT3 |     5|
|4     |LUT4 |     6|
|5     |LUT5 |     5|
|6     |LUT6 |     8|
|7     |FDCE |    24|
|8     |FDRE |     4|
|9     |IBUF |     3|
|10    |OBUF |     2|
+------+-----+------+
---------------------------------------------------------------------------------
Finished Writing Synthesis Report : Time (s): cpu = 00:00:24 ; elapsed = 00:00:26 . Memory (MB): peak = 1906.109 ; gain = 1057.980
---------------------------------------------------------------------------------
Synthesis finished with 0 errors, 1 critical warnings and 1 warnings.
Synthesis Optimization Runtime : Time (s): cpu = 00:00:16 ; elapsed = 00:00:24 . Memory (MB): peak = 1906.109 ; gain = 974.711
Synthesis Optimization Complete : Time (s): cpu = 00:00:24 ; elapsed = 00:00:26 . Memory (MB): peak = 1906.109 ; gain = 1057.980
INFO: [Project 1-571] Translating synthesized netlist
Netlist sorting complete. Time (s): cpu = 00:00:00 ; elapsed = 00:00:00 . Memory (MB): peak = 1910.289 ; gain = 0.000
INFO: [Project 1-570] Preparing netlist for logic optimization
INFO: [Opt 31-138] Pushed 0 inverter(s) to 0 load pin(s).
Netlist sorting complete. Time (s): cpu = 00:00:00 ; elapsed = 00:00:00 . Memory (MB): peak = 1913.031 ; gain = 0.000
INFO: [Project 1-111] Unisim Transformation Summary:
No Unisim elements were transformed.

Synth Design complete | Checksum: 1003cdd9
INFO: [Common 17-83] Releasing license: Synthesis
73 Infos, 1 Warnings, 1 Critical Warnings and 0 Errors encountered.
synth_design completed successfully
synth_design: Time (s): cpu = 00:00:28 ; elapsed = 00:00:32 . Memory (MB): peak = 1913.031 ; gain = 1250.625
INFO: [runtcl-6] Synthesis results are not added to the cache due to CRITICAL_WARNING
Write ShapeDB Complete: Time (s): cpu = 00:00:00 ; elapsed = 00:00:00.001 . Memory (MB): peak = 1913.031 ; gain = 0.000
INFO: [Common 17-1381] The checkpoint 'C:/Users/User/OneDrive/Desktop/FPGA_LAB/FPGA_LAB/project2/d_toggleFunction/d_toggleFunction.runs/synth_1/lab02d.dcp' has been generated.
INFO: [Vivado 12-24828] Executing command : report_utilization -file lab02d_utilization_synth.rpt -pb lab02d_utilization_synth.pb
INFO: [Common 17-206] Exiting Vivado at Wed Sep 17 20:32:16 2025...
